c:\users\ilya_\onedrive\рабочий стол\antlr2\parser\sln\parser.dir\debug\vc143.pdb
c:\users\ilya_\onedrive\рабочий стол\antlr2\parser\sln\parser.dir\debug\main.obj
c:\users\ilya_\onedrive\рабочий стол\antlr2\parser\sln\parser.dir\debug\calcvisitor.obj
c:\users\ilya_\onedrive\рабочий стол\antlr2\parser\sln\parser.dir\debug\calcparser.obj
c:\users\ilya_\onedrive\рабочий стол\antlr2\parser\sln\parser.dir\debug\calclexer.obj
c:\users\ilya_\onedrive\рабочий стол\antlr2\parser\sln\parser.dir\debug\calcbasevisitor.obj
c:\users\ilya_\onedrive\рабочий стол\antlr2\parser\sln\cmakefiles\generate.stamp
c:\users\ilya_\onedrive\рабочий стол\antlr2\parser\sln\debug\parser.exe
c:\users\ilya_\onedrive\рабочий стол\antlr2\parser\sln\debug\parser.pdb
c:\users\ilya_\onedrive\рабочий стол\antlr2\parser\sln\parser.dir\debug\parser.ilk
c:\users\ilya_\onedrive\рабочий стол\antlr2\parser\sln\parser.dir\debug\parser.tlog\cl.command.1.tlog
c:\users\ilya_\onedrive\рабочий стол\antlr2\parser\sln\parser.dir\debug\parser.tlog\cl.items.tlog
c:\users\ilya_\onedrive\рабочий стол\antlr2\parser\sln\parser.dir\debug\parser.tlog\cl.read.1.tlog
c:\users\ilya_\onedrive\рабочий стол\antlr2\parser\sln\parser.dir\debug\parser.tlog\cl.write.1.tlog
c:\users\ilya_\onedrive\рабочий стол\antlr2\parser\sln\parser.dir\debug\parser.tlog\custombuild.command.1.tlog
c:\users\ilya_\onedrive\рабочий стол\antlr2\parser\sln\parser.dir\debug\parser.tlog\custombuild.read.1.tlog
c:\users\ilya_\onedrive\рабочий стол\antlr2\parser\sln\parser.dir\debug\parser.tlog\custombuild.write.1.tlog
c:\users\ilya_\onedrive\рабочий стол\antlr2\parser\sln\parser.dir\debug\parser.tlog\link.command.1.tlog
c:\users\ilya_\onedrive\рабочий стол\antlr2\parser\sln\parser.dir\debug\parser.tlog\link.read.1.tlog
c:\users\ilya_\onedrive\рабочий стол\antlr2\parser\sln\parser.dir\debug\parser.tlog\link.secondary.1.tlog
c:\users\ilya_\onedrive\рабочий стол\antlr2\parser\sln\parser.dir\debug\parser.tlog\link.write.1.tlog
